<?xml version="1.0" encoding="UTF-8"?>
<!-- Generated by org.testng.reporters.JUnitXMLReporter -->
<testsuite hostname="IN-SinghPre-1" ignored="1" name="Default test" tests="1" failures="0" timestamp="2020-04-25T21:17:57 IST" time="9.352" errors="0">
  <testcase name="sumTest" time="2.618" classname="poc.com.testcases.POCTestForAngular"/>
  <testcase name="validateTitle" time="0.0" classname="poc.com.testcases.POCTestForAngular">
    <ignored/>
  </testcase> <!-- validateTitle -->
</testsuite> <!-- Default test -->
