<?xml version="1.0" encoding="UTF-8"?>
<!-- Generated by org.testng.reporters.JUnitXMLReporter -->
<testsuite hostname="IN-SinghPre-1" ignored="1" name="Default test" tests="8" failures="0" timestamp="28 May 2020 04:27:04 GMT" time="75.489" errors="0">
  <testcase name="calculator" time="0.018" classname="poc.com.testcases.MultipleDataSet"/>
  <testcase name="calculator" time="19.353" classname="poc.com.testcases.MultipleDataSet"/>
  <testcase name="calculator" time="0.005" classname="poc.com.testcases.MultipleDataSet"/>
  <testcase name="calculator" time="0.001" classname="poc.com.testcases.MultipleDataSet"/>
  <testcase name="calculator" time="0.01" classname="poc.com.testcases.MultipleDataSet"/>
  <testcase name="calculator" time="7.761" classname="poc.com.testcases.MultipleDataSet"/>
  <testcase name="calculator" time="0.005" classname="poc.com.testcases.MultipleDataSet"/>
  <testcase name="calculator" time="0.005" classname="poc.com.testcases.MultipleDataSet"/>
  <testcase name="calculatorMinus" time="0.0" classname="poc.com.testcases.MultipleDataSet">
    <ignored/>
  </testcase> <!-- calculatorMinus -->
</testsuite> <!-- Default test -->
