<?xml version="1.0" encoding="UTF-8"?>
<!-- Generated by org.testng.reporters.JUnitXMLReporter -->
<testsuite hostname="IN-SinghPre-1" ignored="2" name="Test" tests="2" failures="0" timestamp="16 May 2020 08:12:17 GMT" time="12.733" errors="0">
  <testcase name="sumTest" time="2.497" classname="poc.com.testcases.POCTestForAngular"/>
  <testcase name="sumTest" time="2.849" classname="poc.com.testcases.POCTest"/>
  <testcase name="validateTitle" time="0.0" classname="poc.com.testcases.POCTestForAngular">
    <ignored/>
  </testcase> <!-- validateTitle -->
  <testcase name="validateTitle" time="0.0" classname="poc.com.testcases.POCTest">
    <ignored/>
  </testcase> <!-- validateTitle -->
</testsuite> <!-- Test -->
