<?xml version="1.0" encoding="UTF-8"?>
<!-- Generated by org.testng.reporters.JUnitXMLReporter -->
<testsuite hostname="IN-SinghPre-1" ignored="3" name="Test" tests="10" failures="2" timestamp="19 May 2020 14:44:20 GMT" time="68.771" errors="0">
  <testcase name="calculator" time="2.601" classname="poc.com.testcases.MultipleDataSet"/>
  <testcase name="calculator" time="2.544" classname="poc.com.testcases.MultipleDataSet"/>
  <testcase name="calculator" time="2.551" classname="poc.com.testcases.MultipleDataSet"/>
  <testcase name="calculator" time="2.601" classname="poc.com.testcases.MultipleDataSet"/>
  <testcase name="calculator" time="7.451" classname="poc.com.testcases.MultipleDataSet">
    <failure type="java.lang.AssertionError" message="expected [30] but found [200]">
      <![CDATA[java.lang.AssertionError: expected [30] but found [200]
at poc.com.testcases.MultipleDataSet.calculator(MultipleDataSet.java:46)
... Removed 31 stack frames]]>
    </failure>
  </testcase> <!-- calculator -->
  <testcase name="calculator" time="2.538" classname="poc.com.testcases.MultipleDataSet"/>
  <testcase name="calculator" time="2.763" classname="poc.com.testcases.MultipleDataSet"/>
  <testcase name="calculator" time="2.518" classname="poc.com.testcases.MultipleDataSet"/>
  <testcase name="sumTest" time="2.566" classname="poc.com.testcases.POCTestForAngular">
    <failure type="java.lang.AssertionError" message="expected [30] but found [-10]">
      <![CDATA[java.lang.AssertionError: expected [30] but found [-10]
at poc.com.testcases.POCTestForAngular.sumTest(POCTestForAngular.java:42)
... Removed 31 stack frames]]>
    </failure>
  </testcase> <!-- sumTest -->
  <testcase name="sumTest" time="2.86" classname="poc.com.testcases.POCTest"/>
  <testcase name="validateTitle" time="0.0" classname="poc.com.testcases.POCTestForAngular">
    <ignored/>
  </testcase> <!-- validateTitle -->
  <testcase name="validateTitle" time="0.0" classname="poc.com.testcases.POCTest">
    <ignored/>
  </testcase> <!-- validateTitle -->
  <testcase name="calculatorMinus" time="0.0" classname="poc.com.testcases.MultipleDataSet">
    <ignored/>
  </testcase> <!-- calculatorMinus -->
</testsuite> <!-- Test -->
