<?xml version="1.0" encoding="UTF-8"?>
<testng-results skipped="0" failed="0" ignored="0" total="2" passed="2">
  <reporter-output>
  </reporter-output>
  <suite name="Default suite" duration-ms="73" started-at="2020-05-22T13:42:59Z" finished-at="2020-05-22T13:42:59Z">
    <groups>
    </groups>
    <test name="Default test" duration-ms="73" started-at="2020-05-22T13:42:59Z" finished-at="2020-05-22T13:42:59Z">
      <class name="Concept.DataProviderTest">
        <test-method status="PASS" signature="getDataProviderData(int, int)[pri:0, instance:Concept.DataProviderTest@53b32d7]" name="getDataProviderData" duration-ms="12" started-at="2020-05-22T13:42:59Z" data-provider="uds" finished-at="2020-05-22T13:42:59Z">
          <params>
            <param index="0">
              <value>
                <![CDATA[5]]>
              </value>
            </param>
            <param index="1">
              <value>
                <![CDATA[10]]>
              </value>
            </param>
          </params>
          <reporter-output>
          </reporter-output>
        </test-method> <!-- getDataProviderData -->
        <test-method status="PASS" signature="getDataProviderData(int, int)[pri:0, instance:Concept.DataProviderTest@53b32d7]" name="getDataProviderData" duration-ms="5" started-at="2020-05-22T13:42:59Z" data-provider="uds" finished-at="2020-05-22T13:42:59Z">
          <params>
            <param index="0">
              <value>
                <![CDATA[100]]>
              </value>
            </param>
            <param index="1">
              <value>
                <![CDATA[200]]>
              </value>
            </param>
          </params>
          <reporter-output>
          </reporter-output>
        </test-method> <!-- getDataProviderData -->
      </class> <!-- Concept.DataProviderTest -->
    </test> <!-- Default test -->
  </suite> <!-- Default suite -->
</testng-results>
